Dynare version: 0.9.12
2024-06-08T07:52:33.447: Starting @dynare ML.mod
["ML.mod", "language=julia", "json=compute"]
Dynare preprocessor version: 6.4.0+0
2024-06-08T07:52:33.456: End of preprocessing
2024-06-08T07:52:33.467: Start parse_statements!
 * Status: success

 * Candidate solution
    Final objective value:     -1.228362e+03

 * Found with
    Algorithm:     BFGS

 * Convergence measures
    |x - x'|               = 3.29e-04 ≰ 0.0e+00
    |x - x'|/|x'|          = 1.38e-04 ≰ 0.0e+00
    |f(x) - f(x')|         = 1.85e-05 ≰ 0.0e+00
    |f(x) - f(x')|/|f(x')| = 1.51e-08 ≤ 1.0e-05
    |g(x)|                 = 2.57e-02 ≰ 1.0e-08

 * Work counters
    Seconds run:   0  (vs limit Inf)
    Iterations:    11
    f(x) calls:    30
    ∇f(x) calls:   30

  Posterior mode

───────────┬──────────────────────────────────────────────────────────
 Parameter │ Estimated value  Standard error  80% confidence interval
──────────────────────────────────────────────────────────────────────
     betta │          0.9909          0.0012         0.9894 .. 0.9924
       gam │          1.9894          0.0607         1.9118 .. 2.0671
      rho1 │          0.9055          0.0068         0.8968 .. 0.9141
    sigma1 │          0.0206          0.0013         0.0189 .. 0.0223
      rho2 │          0.6147          0.0603         0.5376 .. 0.6919
    sigma2 │          0.0085          0.0006         0.0077 .. 0.0092
       nss │          0.3322          0.0009          0.331 .. 0.3334
───────────┴──────────────────────────────────────────────────────────

2024-06-08T07:52:34.005: End parse_statements!
2024-06-08T07:52:34.005: End parser
