Dynare version: 0.9.12
2024-05-30T21:27:36.590: Starting @dynare MonteCarlo.mod
["MonteCarlo.mod", "language=julia", "json=compute"]
Dynare preprocessor version: 6.4.0+0
2024-05-30T21:27:36.727: End of preprocessing
2024-05-30T21:27:37.470: Start parse_statements!
 * Status: success

 * Candidate solution
    Final objective value:     -1.218680e+03

 * Found with
    Algorithm:     BFGS

 * Convergence measures
    |x - x'|               = 4.59e-02 ≰ 0.0e+00
    |x - x'|/|x'|          = 2.56e-02 ≰ 0.0e+00
    |f(x) - f(x')|         = 1.22e-02 ≰ 0.0e+00
    |f(x) - f(x')|/|f(x')| = 9.97e-06 ≤ 1.0e-05
    |g(x)|                 = 1.86e+00 ≰ 1.0e-08

 * Work counters
    Seconds run:   0  (vs limit Inf)
    Iterations:    17
    f(x) calls:    55
    ∇f(x) calls:   55

  Posterior mode

───────────┬──────────────────────────────────────────────────────────
 Parameter │ Estimated value  Standard error  80% confidence interval
──────────────────────────────────────────────────────────────────────
     betta │          0.9878          0.0026         0.9845 .. 0.9911
       gam │          2.9213          0.4816         2.3049 .. 3.5377
      rho1 │          0.8531          0.0156         0.8331 .. 0.8731
    sigma1 │          0.0187          0.0035         0.0142 .. 0.0231
      rho2 │          0.6313          0.0531         0.5634 .. 0.6993
    sigma2 │          0.0175          0.0019         0.0152 .. 0.0199
       nss │          0.3373          0.0029          0.3336 .. 0.341
───────────┴──────────────────────────────────────────────────────────

2024-05-30T21:27:59.854: End parse_statements!
2024-05-30T21:27:59.855: End parser
