Dynare version: 0.9.12
2024-06-01T09:59:22.812: Starting @dynare CK.mod
["CK.mod", "language=julia", "json=compute"]
Dynare preprocessor version: 6.4.0+0
2024-06-01T09:59:22.820: End of preprocessing
2024-06-01T09:59:22.827: Start parse_statements!
 * Status: success

 * Candidate solution
    Final objective value:     -9.217020e+02

 * Found with
    Algorithm:     BFGS

 * Convergence measures
    |x - x'|               = 3.08e-03 ≰ 0.0e+00
    |x - x'|/|x'|          = 1.15e-03 ≰ 0.0e+00
    |f(x) - f(x')|         = 4.02e-05 ≰ 0.0e+00
    |f(x) - f(x')|/|f(x')| = 4.37e-08 ≤ 1.0e-05
    |g(x)|                 = 8.58e-02 ≰ 1.0e-08

 * Work counters
    Seconds run:   1  (vs limit Inf)
    Iterations:    13
    f(x) calls:    39
    ∇f(x) calls:   39

  Posterior mode

───────────┬──────────────────────────────────────────────────────────
 Parameter │ Estimated value  Standard error  80% confidence interval
──────────────────────────────────────────────────────────────────────
     betta │           0.992          0.0015         0.9901 .. 0.9939
       gam │          1.9146          0.1794          1.685 .. 2.1442
      rho1 │          0.9207          0.0078         0.9107 .. 0.9308
    sigma1 │          0.0216          0.0014         0.0198 .. 0.0233
      rho2 │          0.5794          0.0697         0.4902 .. 0.6686
    sigma2 │           0.009          0.0005         0.0083 .. 0.0097
       nss │          0.3294          0.0022         0.3265 .. 0.3323
───────────┴──────────────────────────────────────────────────────────

Chains MCMC chain (20000×8×1 Array{Float64, 3}):

Iterations        = 1:1:20000
Number of chains  = 1
Samples per chain = 20000
parameters        = betta, gam, rho1, sigma1, rho2, sigma2, nss
internals         = lp

Summary Statistics
  parameters      mean       std      mcse   ess_bulk   ess_tail      rhat   ess_per_sec
      Symbol   Float64   Float64   Float64    Float64    Float64   Float64       Missing

       betta    0.9919    0.0001    0.0000    42.6577    69.6404    2.0742       missing
         gam    1.9236    0.1384    0.0128   115.1382   421.7060    1.0545       missing
        rho1    0.9188    0.0098    0.0014    51.0250    62.7307    1.0319       missing
      sigma1    0.0207    0.0007    0.0001    44.3294    62.7245    1.0469       missing
        rho2    0.5994    0.0592    0.0031   350.2670   647.3667    1.0032       missing
      sigma2    0.0090    0.0002    0.0000    43.2730    65.2541    1.3036       missing
         nss    0.3296    0.0007    0.0001    51.7295    85.7004    1.4124       missing

Quantiles
  parameters      2.5%     25.0%     50.0%     75.0%     97.5%
      Symbol   Float64   Float64   Float64   Float64   Float64

       betta    0.9917    0.9918    0.9919    0.9919    0.9920
         gam    1.6781    1.8249    1.9155    2.0115    2.2162
        rho1    0.9010    0.9113    0.9185    0.9258    0.9380
      sigma1    0.0195    0.0201    0.0206    0.0212    0.0221
        rho2    0.4818    0.5594    0.6016    0.6419    0.7075
      sigma2    0.0087    0.0088    0.0089    0.0091    0.0094
         nss    0.3283    0.3291    0.3296    0.3300    0.3310

2024-06-01T09:59:39.931: End parse_statements!
2024-06-01T09:59:39.931: End parser
