Dynare version: 0.9.12
2024-05-28T16:47:47.862: Starting @dynare CKmcmc_cn.mod
["CKmcmc_cn.mod", "language=julia", "json=compute"]
Dynare preprocessor version: 6.4.0+0
2024-05-28T16:47:47.881: End of preprocessing
2024-05-28T16:47:47.893: Start parse_statements!
 * Status: success

 * Candidate solution
    Final objective value:     -1.230593e+03

 * Found with
    Algorithm:     BFGS

 * Convergence measures
    |x - x'|               = 1.14e-02 ≰ 0.0e+00
    |x - x'|/|x'|          = 4.10e-03 ≰ 0.0e+00
    |f(x) - f(x')|         = 7.68e-04 ≰ 0.0e+00
    |f(x) - f(x')|/|f(x')| = 6.24e-07 ≤ 1.0e-05
    |g(x)|                 = 3.48e-01 ≰ 1.0e-08

 * Work counters
    Seconds run:   1  (vs limit Inf)
    Iterations:    16
    f(x) calls:    54
    ∇f(x) calls:   54

  Posterior mode

───────────┬──────────────────────────────────────────────────────────
 Parameter │ Estimated value  Standard error  80% confidence interval
──────────────────────────────────────────────────────────────────────
     betta │          0.9923          0.0022         0.9894 .. 0.9952
       gam │          1.8895          0.2858         1.5237 .. 2.2554
      rho1 │          0.9075          0.0368         0.8604 .. 0.9547
    sigma1 │          0.0089          0.0032          0.0048 .. 0.013
      rho2 │          0.6908          0.0367         0.6438 .. 0.7377
    sigma2 │            0.02          0.0014         0.0182 .. 0.0219
       nss │          0.3313          0.0017         0.3291 .. 0.3335
───────────┴──────────────────────────────────────────────────────────

Chains MCMC chain (20000×8×1 Array{Float64, 3}):

Iterations        = 1:1:20000
Number of chains  = 1
Samples per chain = 20000
parameters        = betta, gam, rho1, sigma1, rho2, sigma2, nss
internals         = lp

Summary Statistics
  parameters      mean       std      mcse   ess_bulk   ess_tail      rhat   ess_per_sec
      Symbol   Float64   Float64   Float64    Float64    Float64   Float64       Missing

       betta    0.9922    0.0001    0.0000    44.6825    56.5386    1.0466       missing
         gam    1.9466    0.2029    0.0158   173.3302   292.3629    1.0016       missing
        rho1    0.9091    0.0134    0.0014    97.9285   175.2502    1.0203       missing
      sigma1    0.0089    0.0002    0.0000    47.0285    68.0153    1.1457       missing
        rho2    0.6934    0.0318    0.0028   133.9886   285.0122    1.0437       missing
      sigma2    0.0200    0.0006    0.0001    43.0284    50.2144    1.2908       missing
         nss    0.3318    0.0012    0.0002    42.0194    63.0115    1.8615       missing

Quantiles
  parameters      2.5%     25.0%     50.0%     75.0%     97.5%
      Symbol   Float64   Float64   Float64   Float64   Float64

       betta    0.9920    0.9921    0.9922    0.9922    0.9924
         gam    1.5987    1.8065    1.9297    2.0679    2.3925
        rho1    0.8820    0.9003    0.9091    0.9180    0.9363
      sigma1    0.0085    0.0088    0.0090    0.0091    0.0093
        rho2    0.6297    0.6723    0.6947    0.7152    0.7545
      sigma2    0.0192    0.0196    0.0199    0.0204    0.0213
         nss    0.3296    0.3309    0.3319    0.3329    0.3339

2024-05-28T16:48:15.210: End parse_statements!
2024-05-28T16:48:15.210: End parser
