Starting Dynare (version 6.1).
Calling Dynare with arguments: none
Preprocessing time: 0h00m00s.

You did not declare endogenous variables after the estimation/calib_smoother command.
warning: Some of the parameters have no value (psi, c1, iss, yss, kss, css) when using initial_estimation_checks. If these parameters are not initialized in a steadystate file or a steady_state_model-block, Dynare may not be able to solve the model. Note that simul, perfect_foresight_setup, and perfect_foresight_solver do not automatically call the steady state file.
Initial value of the log posterior (or likelihood): 619.6137
Gradient norm  52545.4493
Minimum Hessian eigenvalue 33.6135
Maximum Hessian eigenvalue 22928854.7
 
Iteration 1
Predicted improvement:       75.195770617
lambda =          1; f =         -764.6660283
lambda =     1.9332; f =         -882.5681634
lambda =     3.7372; f =         -848.0713644
Norm of dx   0.029008
Predicted improvement: 1380512121.326439857
lambda =          1; f =       386943.0677382
lambda =    0.33333; f =        41806.9354036
lambda =    0.11111; f =         3886.0214945
lambda =   0.037037; f =         -184.8983045
lambda =   0.012346; f =         -589.7177001
lambda =  0.0041152; f =         -618.8645041
lambda =  0.0013717; f =         -619.5429774
lambda = 0.00045725; f =         -619.6093431
lambda = 0.00015242; f =         -556.6420264
lambda = 5.0805e-05; f =         -612.8509237
lambda = 1.6935e-05; f =         -618.9361671
lambda =  5.645e-06; f =         -619.5589087
lambda = 1.8817e-06; f =         -619.6112071
lambda = 6.2723e-07; f =         -619.6137104
lambda = 2.0908e-07; f =        -1084.9633572
Norm of dx      52545
Gradient step!!
Predicted improvement:        0.131679557
lambda =          1; f =        -1085.2206418
lambda =     1.9332; f =        -1085.4497883
lambda =     3.7372; f =        -1085.8628670
lambda =     7.2247; f =        -1086.5500291
lambda =     13.967; f =        -1087.4645399
Norm of dx 6.9632e-05
Done for param betta =   0.9833; f = -1087.4645
Predicted improvement:        6.085441470
lambda =          1; f =        -1099.0248537
lambda =     1.9332; f =        -1108.7071212
lambda =     3.7372; f =        -1124.3750021
lambda =     7.2247; f =        -1143.1008170
Norm of dx   0.088376
Done for param gam =   1.8137; f = -1143.1008
Predicted improvement:       11.535268807
lambda =          1; f =        -1157.3276745
Norm of dx    0.05699
Done for param rho1 =   0.5645; f = -1157.3277
Predicted improvement:        1.455921277
lambda =          1; f =        -1158.4356691
Norm of dx  0.0037735
Done for param sigma1 =   0.0300; f = -1158.4357
Predicted improvement: 68945223675.334655762
lambda =          1; f = 137890447339128700928.0000000
lambda =    0.33333; f = 15321160812894171136.0000000
lambda =    0.11111; f = 1702351200577826560.0000000
lambda =   0.037037; f = 189150133112582944.0000000
lambda =   0.012346; f = 21016681361968836.0000000
lambda =  0.0041152; f = 2335186786334563.0000000
lambda =  0.0013717; f = 259465187927259.7187500
lambda = 0.00045725; f = 28829461806764.5859375
lambda = 0.00015242; f = 3203272360889.0825195
lambda = 5.0805e-05; f = 355918759777.5728760
lambda = 1.6935e-05; f =  39546398019.6975479
lambda =  5.645e-06; f =   4394000242.5497036
lambda = 1.8817e-06; f =    488207221.5164078
lambda = 6.2723e-07; f =     54239870.5811604
lambda = 2.0908e-07; f =      6024493.1667279
lambda = 6.9692e-08; f =       668301.3875449
lambda = 2.3231e-08; f =        73526.4269610
lambda = 7.7435e-09; f =         7559.4733380
lambda = 2.5812e-09; f =          269.5295271
lambda = -6.2723e-07
lambda = -6.2723e-07; f =     54239617.0895896
lambda = -2.0908e-07; f =      6024408.6810108
lambda = -6.9692e-08; f =       668273.2371123
lambda = -2.3231e-08; f =        73517.0549566
lambda = -7.7435e-09; f =         7556.3608096
lambda = -2.5812e-09; f =          268.5034907
Norm of dx 1.1743e+10
Done for param rho2 =   0.5086; f = -1158.4357
Predicted improvement:        0.191703435
lambda =          1; f =        -1158.8164135
lambda =     1.9332; f =        -1159.1667872
lambda =     3.7372; f =        -1159.8299340
lambda =     7.2247; f =        -1161.0542664
lambda =     13.967; f =        -1163.1678627
lambda =         27; f =        -1165.9565220
lambda =     52.196; f =        -1162.1714381
lambda =     35.146; f =        -1166.4430117
Norm of dx 0.00024516
Done for param sigma2 =   0.0300; f = -1166.4430
Predicted improvement:        0.234906091
lambda =          1; f =        -1166.8638447
lambda =     1.9332; f =        -1167.1685392
lambda =     3.7372; f =        -1167.5184349
Norm of dx 0.00033637
Done for param nss =   0.3360; f = -1167.5184
Sequence of univariate steps!!
Actual dxnorm 0.69037
FVAL          -1167.5184
Improvement   547.9047
Ftol          1e-05
Htol          1e-05
Elapsed time for iteration 0.51335 s.
 
Iteration 2
Predicted improvement:       51.517930444
lambda =          1; f =        -1167.5184219
lambda =    0.33333; f =        -1192.7758810
lambda =    0.64439; f =        -1095.4697782
lambda =     0.4339; f =        -1190.8132030
Norm of dx    0.43097
Predicted improvement:  2036659.730973156
lambda =          1; f =         4544.7104823
lambda =    0.33333; f =         -554.0158703
lambda =    0.11111; f =        -1104.4986026
lambda =   0.037037; f =        -1161.6640424
lambda =   0.012346; f =        -1167.0736370
lambda =  0.0041152; f =        -1167.4771487
lambda =  0.0013717; f =        -1167.5159596
lambda = 0.00045725; f =        -1166.7468014
lambda = 0.00015242; f =        -1167.4397272
lambda = 5.0805e-05; f =        -1167.5113385
lambda = 1.6935e-05; f =        -1167.5180802
lambda =  5.645e-06; f =        -1125.8200814
lambda = 1.8817e-06; f =        -1191.9302148
lambda = 6.2723e-07; f =        -1194.5890377
lambda = 1.2125e-06; f =        -1194.3914590
Norm of dx     2018.2
Gradient step!!
Predicted improvement:        0.023923912
lambda =          1; f =        -1194.6144494
Norm of dx 0.00017941
Done for param betta =   0.9871; f = -1194.6144
Predicted improvement:        3.525721050
lambda =          1; f =        -1198.3963129
Norm of dx    0.19496
Done for param gam =   1.5199; f = -1198.3963
Predicted improvement:       11.147245887
lambda =          1; f =        -1210.5439731
Norm of dx   0.058138
Done for param rho1 =   0.7195; f = -1210.5440
Predicted improvement:        1.262017705
lambda =          1; f =        -1211.5428325
Norm of dx  0.0019438
Done for param sigma1 =   0.0171; f = -1211.5428
Predicted improvement:        0.721365347
lambda =          1; f =        -1212.1226415
Norm of dx   0.035003
Done for param rho2 =   0.5807; f = -1212.1226
Predicted improvement:        2.235710450
lambda =          1; f =        -1213.6462258
Norm of dx  0.0038325
Done for param sigma2 =   0.0231; f = -1213.6462
Predicted improvement:        0.173895235
lambda =          1; f =        -1213.8193398
Norm of dx 0.00070053
Done for param nss =   0.3330; f = -1213.8193
Sequence of univariate steps!!
Actual dxnorm 0.34027
FVAL          -1213.8193
Improvement   46.3009
Ftol          1e-05
Htol          1e-05
Elapsed time for iteration 0.42111 s.
 
Iteration 3
Predicted improvement:       30.548447848
lambda =          1; f =        -1213.8193216
lambda =    0.33333; f =        -1222.7616432
Norm of dx    0.28454
Predicted improvement:  5320512.433758539
lambda =          1; f =         1165.8115661
lambda =    0.33333; f =         -962.5001565
lambda =    0.11111; f =        -1190.0350629
lambda =   0.037037; f =        -1212.3353278
lambda =   0.012346; f =          401.9799701
lambda =  0.0041152; f =        -1035.5012271
lambda =  0.0013717; f =        -1194.3804928
lambda = 0.00045725; f =        -1211.7566707
lambda = 0.00015242; f =        -1213.6123082
lambda = 5.0805e-05; f =        -1213.7990135
lambda = 1.6935e-05; f =        -1213.8177505
lambda =  5.645e-06; f =        -1213.8193081
lambda = 1.8817e-06; f =        -1230.8382643
Norm of dx     3262.1
Gradient step!!
Predicted improvement:        4.945060001
lambda =          1; f =        -1235.8052541
Norm of dx  0.0028296
Done for param betta =   0.9913; f = -1235.8053
Predicted improvement:        0.014730663
lambda =          1; f =        -1235.8199223
Norm of dx   0.014407
Done for param gam =   1.4828; f = -1235.8199
Predicted improvement:        4.531424939
lambda =          1; f =        -1240.7498156
Norm of dx   0.027868
Done for param rho1 =   0.8345; f = -1240.7498
Predicted improvement:        0.245447499
lambda =          1; f =        -1240.9767730
Norm of dx 0.00049262
Done for param sigma1 =   0.0113; f = -1240.9768
Predicted improvement:        0.359955817
lambda =          1; f =        -1241.2852043
Norm of dx    0.02444
Done for param rho2 =   0.6355; f = -1241.2852
Predicted improvement:        1.717309789
lambda =          1; f =        -1242.5554886
Norm of dx  0.0028025
Done for param sigma2 =   0.0203; f = -1242.5555
Predicted improvement:        0.167661255
lambda =          1; f =        -1242.7223978
Norm of dx 0.00074264
Done for param nss =   0.3317; f = -1242.7224
Sequence of univariate steps!!
Actual dxnorm 0.13293
FVAL          -1242.7224
Improvement   28.9031
Ftol          1e-05
Htol          1e-05
Elapsed time for iteration 0.39491 s.
 
Iteration 4
Predicted improvement:       11.048318948
lambda =          1; f =        -1242.7223978
lambda =    0.33333; f =        -1246.7208066
Norm of dx    0.18191
Predicted improvement:  1447849.718440345
lambda =          1; f =          138.4822960
lambda =    0.33333; f =        -1099.9451133
lambda =    0.11111; f =        -1230.1643110
lambda =   0.037037; f =        -1242.1718282
lambda =   0.012346; f =         -804.6716363
lambda =  0.0041152; f =        -1194.7033425
lambda =  0.0013717; f =        -1237.5886388
lambda = 0.00045725; f =        -1242.2038529
lambda = 0.00015242; f =        -1242.6726057
lambda = 5.0805e-05; f =        -1242.7176923
lambda = 1.6935e-05; f =        -1242.7221060
lambda =  5.645e-06; f =        -1240.2960062
lambda = 1.8817e-06; f =        -1249.6133876
Norm of dx     1701.7
Gradient step!!
Predicted improvement:        0.154984899
lambda =          1; f =        -1249.7625946
Norm of dx  0.0006802
Done for param betta =   0.9934; f = -1249.7626
Predicted improvement:        0.180002444
lambda =          1; f =        -1249.9420447
Norm of dx   0.057322
Done for param gam =   1.5483; f = -1249.9420
Predicted improvement:        0.677630970
lambda =          1; f =        -1250.6449691
Norm of dx  0.0084966
Done for param rho1 =   0.8986; f = -1250.6450
Predicted improvement:        0.031283260
lambda =          1; f =        -1250.6756555
Norm of dx 0.00012158
Done for param sigma1 =   0.0084; f = -1250.6757
Predicted improvement:        0.245792671
lambda =          1; f =        -1250.8873321
Norm of dx   0.019856
Done for param rho2 =   0.6786; f = -1250.8873
Predicted improvement:        0.887853029
lambda =          1; f =        -1251.6390678
Norm of dx  0.0017829
Done for param sigma2 =   0.0197; f = -1251.6391
Predicted improvement:        0.081562742
lambda =          1; f =        -1251.7203532
Norm of dx 0.00056258
Done for param nss =   0.3311; f = -1251.7204
Sequence of univariate steps!!
Actual dxnorm 0.10135
FVAL          -1251.7204
Improvement   8.998
Ftol          1e-05
Htol          1e-05
Elapsed time for iteration 0.50163 s.
 
Iteration 5
Predicted improvement:        2.511117119
lambda =          1; f =        -1234.5789068
lambda =    0.33333; f =        -1252.7461685
Norm of dx    0.11356
Predicted improvement:   246311.955525747
lambda =          1; f =         -518.2187005
lambda =    0.33333; f =        -1178.3316334
lambda =    0.11111; f =        -1245.9864820
lambda =   0.037037; f =        -1251.6066764
lambda =   0.012346; f =        -1178.1335816
lambda =  0.0041152; f =        -1243.8338975
lambda =  0.0013717; f =        -1250.9286565
lambda = 0.00045725; f =        -1251.6496272
lambda = 0.00015242; f =        -1251.7135322
lambda = 5.0805e-05; f =        -1251.7198269
lambda = 1.6935e-05; f =        -1251.7203438
lambda =  5.645e-06; f =        -1249.3953697
lambda = 1.8817e-06; f =        -1252.9432886
lambda = 6.2723e-07; f =        -1253.0235871
lambda = 1.2125e-06; f =        -1253.0817462
Norm of dx     701.87
Predicted improvement:        0.038775861
lambda =          1; f =        -1253.1199317
Norm of dx  0.0003846
Done for param betta =   0.9941; f = -1253.1199
Predicted improvement:        0.046416924
lambda =          1; f =        -1253.1657198
Norm of dx    0.03153
Done for param gam =   1.5993; f = -1253.1657
Predicted improvement:        0.054578374
lambda =          1; f =        -1253.2203052
Norm of dx  0.0020355
Done for param rho1 =   0.9305; f = -1253.2203
Predicted improvement:        0.001689578
lambda =          1; f =        -1253.2219857
Norm of dx 2.2353e-05
Done for param sigma1 =   0.0068; f = -1253.2220
Predicted improvement:        0.027397765
lambda =          1; f =        -1253.2464492
Norm of dx  0.0060518
Done for param rho2 =   0.6976; f = -1253.2464
Predicted improvement:        0.101810687
lambda =          1; f =        -1253.3434544
Norm of dx 0.00053401
Done for param sigma2 =   0.0198; f = -1253.3435
Predicted improvement:        0.024802753
lambda =          1; f =        -1253.3682084
Norm of dx 0.00032569
Done for param nss =   0.3308; f = -1253.3682
Sequence of univariate steps!!
Actual dxnorm 0.06308
FVAL          -1253.3682
Improvement   1.6479
Ftol          1e-05
Htol          1e-05
Elapsed time for iteration 0.56544 s.
 
Iteration 6
Predicted improvement:        0.200926667
lambda =          1; f =        -1253.4020147
lambda =    0.33333; f =        -1253.4613847
Norm of dx   0.065126
Predicted improvement:        0.004880159
lambda =          1; f =        -1253.4662550
Norm of dx 0.00013557
Done for param betta =   0.9941; f = -1253.4663
Predicted improvement:        0.001220667
lambda =          1; f =        -1253.4674748
Norm of dx  0.0051922
Done for param gam =   1.6248; f = -1253.4675
Predicted improvement:        0.013501196
lambda =          1; f =        -1253.4809751
Norm of dx 0.00096123
Done for param rho1 =   0.9384; f = -1253.4810
Predicted improvement:        0.000139055
lambda =          1; f =        -1253.4811140
Norm of dx 5.9992e-06
Done for param sigma1 =   0.0064; f = -1253.4811
Predicted improvement:        0.000351888
lambda =          1; f =        -1253.4814650
Norm of dx 2.9637e-05
Done for param sigma2 =   0.0199; f = -1253.4815
Predicted improvement:        0.000259341
lambda =          1; f =        -1253.4817243
Norm of dx 3.3257e-05
Done for param nss =   0.3308; f = -1253.4817
Sequence of univariate steps!!
Actual dxnorm 0.026895
FVAL          -1253.4817
Improvement   0.11352
Ftol          1e-05
Htol          1e-05
Elapsed time for iteration 0.55689 s.
 
Iteration 7
Predicted improvement:        0.017152911
lambda =          1; f =        -1253.4929255
Norm of dx   0.047905
Predicted improvement:        0.015597907
lambda =          1; f =        -1253.4616267
lambda =    0.33333; f =        -1253.4870454
lambda =    0.11111; f =        -1253.4914718
lambda =   0.037037; f =        -1253.4924973
lambda =   0.012346; f =        -1253.4927891
lambda =  0.0041152; f =        -1253.4928807
lambda =  0.0013717; f =        -1253.4929107
lambda = 0.00045725; f =        -1253.4929206
lambda = 0.00015242; f =        -1253.4929239
lambda = 5.0805e-05; f =        -1253.4929250
lambda = 1.6935e-05; f =        -1253.4929254
lambda =  5.645e-06; f =        -1253.4929255
lambda = 1.8817e-06; f =        -1253.4929255
lambda = 6.2723e-07; f =        -1253.4929255
lambda = 2.0908e-07; f =        -1253.4929255
lambda = 6.9692e-08; f =        -1253.4929255
lambda = 2.3231e-08; f =        -1253.4929255
lambda = 7.7435e-09; f =        -1253.4929255
lambda = 2.5812e-09; f =        -1253.4929255
lambda = -6.2723e-07
lambda = -6.2723e-07; f =        -1253.4929255
Norm of dx   0.051882
Predicted improvement:        0.000086750
lambda =          1; f =        -1253.4930123
Norm of dx 1.7945e-05
Done for param betta =   0.9939; f = -1253.4930
Predicted improvement:        0.000776342
lambda =          1; f =        -1253.4937887
Norm of dx  0.0042373
Done for param gam =   1.6685; f = -1253.4938
Predicted improvement:        0.000092811
lambda =          1; f =        -1253.4938815
Norm of dx 7.9962e-05
Done for param rho1 =   0.9378; f = -1253.4939
Predicted improvement:        0.000032783
lambda =          1; f =        -1253.4939142
Norm of dx 0.00019137
Done for param rho2 =   0.7030; f = -1253.4939
Predicted improvement:        0.000031228
lambda =          1; f =        -1253.4939455
Norm of dx 8.8077e-06
Done for param sigma2 =   0.0199; f = -1253.4939
Predicted improvement:        0.000972222
lambda =          1; f =        -1253.4949181
Norm of dx 6.3324e-05
Done for param nss =   0.3308; f = -1253.4949
Sequence of univariate steps!!
Actual dxnorm 0.043683
FVAL          -1253.4949
Improvement   0.013194
Ftol          1e-05
Htol          1e-05
Elapsed time for iteration 0.73823 s.
 
Iteration 8
Predicted improvement:        0.000720151
lambda =          1; f =        -1253.4950515
lambda =    0.33333; f =        -1253.4952533
Norm of dx  0.0022568
Predicted improvement:        0.000491662
lambda =          1; f =        -1253.4951381
lambda =    0.33333; f =        -1253.4953518
Norm of dx  0.0066716
Predicted improvement:        0.000024642
lambda =          1; f =        -1253.4953764
Norm of dx 9.6004e-06
Done for param betta =   0.9940; f = -1253.4954
Sequence of univariate steps!!
Actual dxnorm 0.0027976
FVAL          -1253.4954
Improvement   0.00045834
Ftol          1e-05
Htol          1e-05
Elapsed time for iteration 0.51624 s.
 
Iteration 9
Predicted improvement:        0.000017314
lambda =          1; f =        -1253.4953977
Norm of dx 0.00028937
Predicted improvement:        0.000000000
lambda =          1; f =        -1253.4953977
lambda =     1.9332; f =        -1253.4953977
lambda =     3.7372; f =        -1253.4953977
lambda =     7.2247; f =        -1253.4953977
lambda =     13.967; f =        -1253.4953977
lambda =         27; f =        -1253.4953977
lambda =     52.196; f =        -1253.4953977
Norm of dx  1.279e-09
Sequence of univariate steps!!
Actual dxnorm 0.00028937
FVAL          -1253.4954
Improvement   2.1268e-05
Ftol          1e-05
Htol          1e-05
Elapsed time for iteration 0.44114 s.
 
Iteration 10
Predicted improvement:        0.000001357
lambda =          1; f =        -1253.4953991
Norm of dx 5.3899e-05
Norm of dx          0
Sequence of univariate steps!!
Try diagonal Hessian
Predicted improvement:        0.000000988
lambda =          1; f =        -1253.4953988
lambda =    0.33333; f =        -1253.4953992
lambda =    0.11111; f =        -1253.4953992
lambda =   0.037037; f =        -1253.4953991
Norm of dx 1.4852e-05
Try gradient direction
Predicted improvement:        0.000076134
lambda =          1; f =        -1253.4739824
lambda =    0.33333; f =        -1253.4929982
lambda =    0.11111; f =        -1253.4951319
lambda =   0.037037; f =        -1253.4953696
lambda =   0.012346; f =        -1253.4953960
lambda =  0.0041152; f =        -1253.4953989
lambda =  0.0013717; f =        -1253.4953992
lambda = 0.00045725; f =        -1253.4953992
lambda = 0.00015242; f =        -1253.4953992
lambda = 5.0805e-05; f =        -1253.4953992
lambda = 1.6935e-05; f =        -1253.4953992
lambda =  5.645e-06; f =        -1253.4953992
lambda = 1.8817e-06; f =        -1253.4953992
lambda = 6.2723e-07; f =        -1253.4953992
lambda = 2.0908e-07; f =        -1253.4953992
lambda = 6.9692e-08; f =        -1253.4953992
lambda = 2.3231e-08; f =        -1253.4953992
lambda = 7.7435e-09; f =        -1253.4953992
lambda = 2.5812e-09; f =        -1253.4953992
lambda = 4.9899e-09; f =        -1253.4953992
lambda = 3.3599e-09; f =        -1253.4953992
lambda = 2.6501e-09; f =        -1253.4953992
lambda = 2.6017e-09; f =        -1253.4953992
Norm of dx  0.0001234
No further improvement is possible!
Actual dxnorm 5.4323e-05
FVAL          -1253.4954
Improvement   1.562e-06
Ftol          1e-05
Htol          1e-05
Gradient norm  1.234
Minimum Hessian eigenvalue 8.2822
Maximum Hessian eigenvalue 7433465.3849
Estimation successful.

Final value of minus the log posterior (or likelihood):-1253.495399 

RESULTS FROM POSTERIOR ESTIMATION
parameters
       prior mean     mode    s.d.  prior pstdev

betta      0.9749   0.9940  0.0024   unif 0.0144 
gam        2.5000   1.6655  0.3549   unif 1.4434 
rho1       0.5000   0.9372  0.0615   unif 0.2887 
sigma1     0.0500   0.0066  0.0044   unif 0.0289 
rho2       0.5000   0.7028  0.0392   unif 0.2887 
sigma2     0.0500   0.0199  0.0014   unif 0.0289 
nss        0.3125   0.3308  0.0016   unif 0.0361 


Log data density [Laplace approximation] is 1224.593665.

Estimation::mcmc: One Chain mode.
Estimation::mcmc: Old mh-files successfully erased!
Estimation::mcmc: Old metropolis.log file successfully erased!
Estimation::mcmc: Creation of a new metropolis.log file.
Estimation::mcmc: Initialization at the posterior mode.

Estimation::mcmc: Write details about the MCMC... Ok!
Estimation::mcmc: Details about the MCMC are available in CKmcmc/metropolis/CKmcmc_mh_history_0.mat


Estimation::mcmc: Number of mh files: 1 per block.
Estimation::mcmc: Total number of generated files: 1.
Estimation::mcmc: Total number of iterations: 10000.
Estimation::mcmc: Current acceptance ratio per chain:
                                                       Chain  1: 20.12%
Estimation::mcmc: Total number of MH draws per chain: 10000.
Estimation::mcmc: Total number of generated MH files: 1.
Estimation::mcmc: I'll use mh-files 1 to 1.
Estimation::mcmc: In MH-file number 1 I'll start at line 5001.
Estimation::mcmc: Finally I keep 5000 draws per chain.



MCMC Inefficiency factors per block
Parameter       Block 1
betta            31.772
gam              46.001
rho1             33.583
sigma1           69.004
rho2             91.241
sigma2           56.118
nss              57.941



Convergence diagnostics results for chain 1.

Geweke (1992) Convergence Tests, based on means of draws 5000 to 6000 vs 7500 to 10000 for chain 1.
p-values are for Chi2-test for equality of means.
Parameter         Post. Mean        Post. Std   p-val No Taper   p-val 4% Taper   p-val 8% Taper  p-val 15% Taper
betta                  0.995            0.003            0.000            0.072            0.061            0.034
gam                    1.737            0.267            0.021            0.645            0.683            0.680
rho1                   0.926            0.032            0.000            0.369            0.447            0.488
sigma1                 0.008            0.003            0.000            0.094            0.160            0.182
rho2                   0.695            0.039            0.001            0.565            0.635            0.665
sigma2                 0.020            0.001            0.298            0.856            0.875            0.882
nss                    0.331            0.002            0.000            0.461            0.529            0.571


marginal density: I'm computing the posterior mean and covariance...  Done!
marginal density: I'm computing the posterior log marginal density (modified harmonic mean)... Done!


ESTIMATION RESULTS

Log data density (Modified Harmonic Mean) is 1224.131594.
parameters
         prior mean   post. mean        90% HPD interval    prior       pstdev

betta         0.975       0.9947      0.9910      0.9994     unif       0.0144
gam           2.500       1.7805      1.3932      2.2387     unif       1.4434
rho1          0.500       0.9198      0.8645      0.9690     unif       0.2887
sigma1        0.050       0.0087      0.0037      0.0129     unif       0.0289
rho2          0.500       0.6940      0.6322      0.7626     unif       0.2887
sigma2        0.050       0.0199      0.0174      0.0225     unif       0.0289
nss           0.312       0.3306      0.3276      0.3331     unif       0.0361
Total computing time : 0h02m25s
Note: warning(s) encountered in MATLAB/Octave code
